<?xml version="1.0" encoding="UTF-8"?>
<!-- Generated by org.testng.reporters.JUnitXMLReporter -->
<testsuite ignored="0" hostname="DESKTOP-EFA762R" failures="1" tests="3" name="Test" time="0.119" errors="0" timestamp="2022-12-09T06:32:44 IST">
  <testcase classname="listeners1.Demo2" name="abc" time="0.022"/>
  <testcase classname="listeners1.Demo2" name="pqr" time="0.011">
    <failure type="java.lang.AssertionError" message="expected [Selenium] but found [Gmail]">
      <![CDATA[java.lang.AssertionError: expected [Selenium] but found [Gmail]
at listeners1.Demo2.pqr(Demo2.java:17)
at java.base/java.util.ArrayList.forEach(ArrayList.java:1511)
... Removed 31 stack frames]]>
    </failure>
  </testcase> <!-- pqr -->
  <testcase classname="listeners1.Demo2" name="xyz" time="0.001">
    <skipped/>
  </testcase> <!-- xyz -->
</testsuite> <!-- Test -->
